<?xml version="1.0" encoding="UTF-8"?>
<testng-results ignored="0" total="2" passed="2" failed="0" skipped="0">
  <reporter-output>
  </reporter-output>
  <suite started-at="2025-02-20T17:28:58 IST" name="Suite" finished-at="2025-02-20T17:29:11 IST" duration-ms="13042">
    <groups>
      <group name="regression">
        <method signature="AccountRegistrationTest.testingAccReg()[pri:0, instance:TestCases.AccountRegistrationTest@64a40280]" name="testingAccReg" class="TestCases.AccountRegistrationTest"/>
      </group> <!-- regression -->
      <group name="sanity">
        <method signature="AccountLoginTest.logintest()[pri:0, instance:TestCases.AccountLoginTest@466276d8]" name="logintest" class="TestCases.AccountLoginTest"/>
      </group> <!-- sanity -->
      <group name="master">
        <method signature="AccountLoginTest.logintest()[pri:0, instance:TestCases.AccountLoginTest@466276d8]" name="logintest" class="TestCases.AccountLoginTest"/>
        <method signature="AccountRegistrationTest.testingAccReg()[pri:0, instance:TestCases.AccountRegistrationTest@64a40280]" name="testingAccReg" class="TestCases.AccountRegistrationTest"/>
      </group> <!-- master -->
    </groups>
    <test started-at="2025-02-20T17:28:58 IST" name="Test" finished-at="2025-02-20T17:29:11 IST" duration-ms="13042">
      <class name="TestCases.AccountLoginTest">
        <test-method is-config="true" signature="setup(java.lang.String,java.lang.String)[pri:0, instance:TestCases.AccountLoginTest@466276d8]" started-at="2025-02-20T17:29:06 IST" name="setup" finished-at="2025-02-20T17:29:09 IST" duration-ms="3041" status="PASS">
          <params>
            <param index="0">
              <value>
                <![CDATA[windows]]>
              </value>
            </param>
            <param index="1">
              <value>
                <![CDATA[chrome]]>
              </value>
            </param>
          </params>
          <reporter-output>
          </reporter-output>
        </test-method> <!-- setup -->
        <test-method signature="logintest()[pri:0, instance:TestCases.AccountLoginTest@466276d8]" started-at="2025-02-20T17:29:09 IST" name="logintest" finished-at="2025-02-20T17:29:11 IST" duration-ms="1964" status="PASS">
          <reporter-output>
          </reporter-output>
        </test-method> <!-- logintest -->
        <test-method is-config="true" signature="close()[pri:0, instance:TestCases.AccountLoginTest@466276d8]" started-at="2025-02-20T17:29:11 IST" name="close" finished-at="2025-02-20T17:29:11 IST" duration-ms="314" status="PASS">
          <reporter-output>
          </reporter-output>
        </test-method> <!-- close -->
      </class> <!-- TestCases.AccountLoginTest -->
      <class name="TestCases.AccountRegistrationTest">
        <test-method is-config="true" signature="setup(java.lang.String,java.lang.String)[pri:0, instance:TestCases.AccountRegistrationTest@64a40280]" started-at="2025-02-20T17:28:59 IST" name="setup" finished-at="2025-02-20T17:29:03 IST" duration-ms="4075" status="PASS">
          <params>
            <param index="0">
              <value>
                <![CDATA[windows]]>
              </value>
            </param>
            <param index="1">
              <value>
                <![CDATA[chrome]]>
              </value>
            </param>
          </params>
          <reporter-output>
          </reporter-output>
        </test-method> <!-- setup -->
        <test-method signature="testingAccReg()[pri:0, instance:TestCases.AccountRegistrationTest@64a40280]" started-at="2025-02-20T17:29:03 IST" name="testingAccReg" finished-at="2025-02-20T17:29:06 IST" duration-ms="2976" status="PASS">
          <reporter-output>
          </reporter-output>
        </test-method> <!-- testingAccReg -->
        <test-method is-config="true" signature="close()[pri:0, instance:TestCases.AccountRegistrationTest@64a40280]" started-at="2025-02-20T17:29:06 IST" name="close" finished-at="2025-02-20T17:29:06 IST" duration-ms="217" status="PASS">
          <reporter-output>
          </reporter-output>
        </test-method> <!-- close -->
      </class> <!-- TestCases.AccountRegistrationTest -->
    </test> <!-- Test -->
  </suite> <!-- Suite -->
</testng-results>
