<?xml version="1.0" encoding="UTF-8"?>
<testng-results ignored="0" total="2" passed="2" failed="0" skipped="0">
  <reporter-output>
  </reporter-output>
  <suite started-at="2025-02-20T20:48:43 IST" name="Suite" finished-at="2025-02-20T20:48:54 IST" duration-ms="11148">
    <groups>
      <group name="regression">
        <method signature="AccountRegistrationTest.testingAccReg()[pri:0, instance:TestCases.AccountRegistrationTest@5674e1f2]" name="testingAccReg" class="TestCases.AccountRegistrationTest"/>
      </group> <!-- regression -->
      <group name="sanity">
        <method signature="AccountLoginTest.logintest()[pri:0, instance:TestCases.AccountLoginTest@e8df99a]" name="logintest" class="TestCases.AccountLoginTest"/>
      </group> <!-- sanity -->
      <group name="master">
        <method signature="AccountLoginTest.logintest()[pri:0, instance:TestCases.AccountLoginTest@e8df99a]" name="logintest" class="TestCases.AccountLoginTest"/>
        <method signature="AccountRegistrationTest.testingAccReg()[pri:0, instance:TestCases.AccountRegistrationTest@5674e1f2]" name="testingAccReg" class="TestCases.AccountRegistrationTest"/>
      </group> <!-- master -->
    </groups>
    <test started-at="2025-02-20T20:48:43 IST" name="Test" finished-at="2025-02-20T20:48:54 IST" duration-ms="11148">
      <class name="TestCases.AccountLoginTest">
        <test-method is-config="true" signature="setup(java.lang.String,java.lang.String)[pri:0, instance:TestCases.AccountLoginTest@e8df99a]" started-at="2025-02-20T20:48:49 IST" name="setup" finished-at="2025-02-20T20:48:52 IST" duration-ms="3345" status="PASS">
          <params>
            <param index="0">
              <value>
                <![CDATA[windows]]>
              </value>
            </param>
            <param index="1">
              <value>
                <![CDATA[chrome]]>
              </value>
            </param>
          </params>
          <reporter-output>
          </reporter-output>
        </test-method> <!-- setup -->
        <test-method signature="logintest()[pri:0, instance:TestCases.AccountLoginTest@e8df99a]" started-at="2025-02-20T20:48:52 IST" name="logintest" finished-at="2025-02-20T20:48:54 IST" duration-ms="1787" status="PASS">
          <reporter-output>
          </reporter-output>
        </test-method> <!-- logintest -->
        <test-method is-config="true" signature="close()[pri:0, instance:TestCases.AccountLoginTest@e8df99a]" started-at="2025-02-20T20:48:54 IST" name="close" finished-at="2025-02-20T20:48:54 IST" duration-ms="162" status="PASS">
          <reporter-output>
          </reporter-output>
        </test-method> <!-- close -->
      </class> <!-- TestCases.AccountLoginTest -->
      <class name="TestCases.AccountRegistrationTest">
        <test-method is-config="true" signature="setup(java.lang.String,java.lang.String)[pri:0, instance:TestCases.AccountRegistrationTest@5674e1f2]" started-at="2025-02-20T20:48:44 IST" name="setup" finished-at="2025-02-20T20:48:47 IST" duration-ms="3630" status="PASS">
          <params>
            <param index="0">
              <value>
                <![CDATA[windows]]>
              </value>
            </param>
            <param index="1">
              <value>
                <![CDATA[chrome]]>
              </value>
            </param>
          </params>
          <reporter-output>
          </reporter-output>
        </test-method> <!-- setup -->
        <test-method signature="testingAccReg()[pri:0, instance:TestCases.AccountRegistrationTest@5674e1f2]" started-at="2025-02-20T20:48:47 IST" name="testingAccReg" finished-at="2025-02-20T20:48:49 IST" duration-ms="1679" status="PASS">
          <reporter-output>
          </reporter-output>
        </test-method> <!-- testingAccReg -->
        <test-method is-config="true" signature="close()[pri:0, instance:TestCases.AccountRegistrationTest@5674e1f2]" started-at="2025-02-20T20:48:49 IST" name="close" finished-at="2025-02-20T20:48:49 IST" duration-ms="258" status="PASS">
          <reporter-output>
          </reporter-output>
        </test-method> <!-- close -->
      </class> <!-- TestCases.AccountRegistrationTest -->
    </test> <!-- Test -->
  </suite> <!-- Suite -->
</testng-results>
